Started GET "/" for 127.0.0.1 at 2022-03-29 23:36:40 -0300
  [1m[35m (5.3ms)[0m  [1m[34mSELECT sqlite_version(*)[0m
Processing by Rails::WelcomeController#index as HTML
  Rendering C:/Users/marce/.local/share/gem/ruby/3.1.0/gems/railties-7.0.2.2/lib/rails/templates/rails/welcome/index.html.erb
  Rendered C:/Users/marce/.local/share/gem/ruby/3.1.0/gems/railties-7.0.2.2/lib/rails/templates/rails/welcome/index.html.erb (Duration: 11.0ms | Allocations: 644)
Completed 200 OK in 67ms (Views: 28.8ms | ActiveRecord: 0.0ms | Allocations: 5113)


  [1m[35m (4.8ms)[0m  [1m[34mSELECT sqlite_version(*)[0m
  [1m[35m (137.4ms)[0m  [1m[35mCREATE TABLE "schema_migrations" ("version" varchar NOT NULL PRIMARY KEY)[0m
  [1m[35m (78.9ms)[0m  [1m[35mCREATE TABLE "ar_internal_metadata" ("key" varchar NOT NULL PRIMARY KEY, "value" varchar, "created_at" datetime(6) NOT NULL, "updated_at" datetime(6) NOT NULL)[0m
  [1m[36mActiveRecord::InternalMetadata Load (0.2ms)[0m  [1m[34mSELECT "ar_internal_metadata".* FROM "ar_internal_metadata" WHERE "ar_internal_metadata"."key" = ? LIMIT ?[0m  [["key", "environment"], ["LIMIT", 1]]
  [1m[36mTRANSACTION (0.1ms)[0m  [1m[36mbegin transaction[0m
  [1m[36mActiveRecord::InternalMetadata Create (0.9ms)[0m  [1m[32mINSERT INTO "ar_internal_metadata" ("key", "value", "created_at", "updated_at") VALUES (?, ?, ?, ?)[0m  [["key", "environment"], ["value", "development"], ["created_at", "2022-04-19 18:26:01.370605"], ["updated_at", "2022-04-19 18:26:01.370605"]]
  [1m[36mTRANSACTION (84.0ms)[0m  [1m[36mcommit transaction[0m
  [1m[35m (0.1ms)[0m  [1m[34mSELECT sqlite_version(*)[0m
  [1m[36mActiveRecord::SchemaMigration Pluck (0.1ms)[0m  [1m[34mSELECT "schema_migrations"."version" FROM "schema_migrations" ORDER BY "schema_migrations"."version" ASC[0m
  [1m[35m (1.4ms)[0m  [1m[34mSELECT sqlite_version(*)[0m
  [1m[36mActiveRecord::SchemaMigration Pluck (0.1ms)[0m  [1m[34mSELECT "schema_migrations"."version" FROM "schema_migrations" ORDER BY "schema_migrations"."version" ASC[0m
Migrating to DeviseCreateClientes (20220419182713)
  [1m[36mTRANSACTION (0.1ms)[0m  [1m[36mbegin transaction[0m
  [1m[35m (1.1ms)[0m  [1m[35mCREATE TABLE "clientes" ("id" integer PRIMARY KEY AUTOINCREMENT NOT NULL, "email" varchar DEFAULT '' NOT NULL, "encrypted_password" varchar DEFAULT '' NOT NULL, "reset_password_token" varchar, "reset_password_sent_at" datetime(6), "remember_created_at" datetime(6), "created_at" datetime(6) NOT NULL, "updated_at" datetime(6) NOT NULL)[0m
  [1m[35m (0.3ms)[0m  [1m[35mCREATE UNIQUE INDEX "index_clientes_on_email" ON "clientes" ("email")[0m
  [1m[35m (0.2ms)[0m  [1m[35mCREATE UNIQUE INDEX "index_clientes_on_reset_password_token" ON "clientes" ("reset_password_token")[0m
  [1m[36mActiveRecord::SchemaMigration Create (0.2ms)[0m  [1m[32mINSERT INTO "schema_migrations" ("version") VALUES (?)[0m  [["version", "20220419182713"]]
  [1m[36mTRANSACTION (86.4ms)[0m  [1m[36mcommit transaction[0m
  [1m[36mActiveRecord::InternalMetadata Load (0.3ms)[0m  [1m[34mSELECT "ar_internal_metadata".* FROM "ar_internal_metadata" WHERE "ar_internal_metadata"."key" = ? LIMIT ?[0m  [["key", "environment"], ["LIMIT", 1]]
  [1m[35m (0.0ms)[0m  [1m[34mSELECT sqlite_version(*)[0m
  [1m[36mActiveRecord::SchemaMigration Pluck (0.1ms)[0m  [1m[34mSELECT "schema_migrations"."version" FROM "schema_migrations" ORDER BY "schema_migrations"."version" ASC[0m
  [1m[35m (1.3ms)[0m  [1m[34mSELECT sqlite_version(*)[0m
  [1m[36mActiveRecord::SchemaMigration Pluck (0.2ms)[0m  [1m[34mSELECT "schema_migrations"."version" FROM "schema_migrations" ORDER BY "schema_migrations"."version" ASC[0m
  [1m[36mActiveRecord::InternalMetadata Load (0.3ms)[0m  [1m[34mSELECT "ar_internal_metadata".* FROM "ar_internal_metadata" WHERE "ar_internal_metadata"."key" = ? LIMIT ?[0m  [["key", "environment"], ["LIMIT", 1]]
  [1m[35m (0.0ms)[0m  [1m[34mSELECT sqlite_version(*)[0m
  [1m[36mActiveRecord::SchemaMigration Pluck (0.1ms)[0m  [1m[34mSELECT "schema_migrations"."version" FROM "schema_migrations" ORDER BY "schema_migrations"."version" ASC[0m
Started GET "/" for 127.0.0.1 at 2022-04-19 15:36:42 -0300
  [1m[35m (1.3ms)[0m  [1m[34mSELECT sqlite_version(*)[0m
  [1m[36mActiveRecord::SchemaMigration Pluck (0.1ms)[0m  [1m[34mSELECT "schema_migrations"."version" FROM "schema_migrations" ORDER BY "schema_migrations"."version" ASC[0m
Processing by WelcomeController#index as HTML
  Rendering layout layouts/application.html.erb
  Rendering welcome/index.html.erb within layouts/application
  Rendered welcome/index.html.erb within layouts/application (Duration: 8.6ms | Allocations: 449)
  Rendered layout layouts/application.html.erb (Duration: 578.8ms | Allocations: 72374)
Completed 500 Internal Server Error in 648ms (ActiveRecord: 0.0ms | Allocations: 75805)


  
ActionView::Template::Error (Permission denied @ rb_file_s_rename - (D:/Documentos/RubyProjects/esGeneralServices/tmp/cache/assets/sprockets/v4.0.0/ek/ek7fx4yK9W-2h1or6a2qvTEO4ohwvw6-RsuVWEzsGRE.cache.24720.13868.144871, D:/Documentos/RubyProjects/esGeneralServices/tmp/cache/assets/sprockets/v4.0.0/ek/ek7fx4yK9W-2h1or6a2qvTEO4ohwvw6-RsuVWEzsGRE.cache)):
  
sprockets (4.0.3) lib/sprockets/path_utils.rb:362:in `rename'
sprockets (4.0.3) lib/sprockets/path_utils.rb:362:in `atomic_write'
sprockets (4.0.3) lib/sprockets/cache/file_store.rb:112:in `set'
sprockets (4.0.3) lib/sprockets/cache.rb:227:in `set'
sprockets (4.0.3) lib/sprockets/cache.rb:143:in `set'
sprockets (4.0.3) lib/sprockets/loader.rb:263:in `store_asset'
sprockets (4.0.3) lib/sprockets/loader.rb:226:in `load_from_unloaded'
sprockets (4.0.3) lib/sprockets/loader.rb:59:in `block in load'
sprockets (4.0.3) lib/sprockets/loader.rb:337:in `fetch_asset_from_dependency_cache'
sprockets (4.0.3) lib/sprockets/loader.rb:43:in `load'
sprockets (4.0.3) lib/sprockets/cached_environment.rb:44:in `load'
sprockets (4.0.3) lib/sprockets/bundle.rb:27:in `call'
sprockets (4.0.3) lib/sprockets/processor_utils.rb:84:in `call_processor'
sprockets (4.0.3) lib/sprockets/processor_utils.rb:66:in `block in call_processors'
sprockets (4.0.3) lib/sprockets/processor_utils.rb:65:in `reverse_each'
sprockets (4.0.3) lib/sprockets/processor_utils.rb:65:in `call_processors'
sprockets (4.0.3) lib/sprockets/loader.rb:182:in `load_from_unloaded'
sprockets (4.0.3) lib/sprockets/loader.rb:59:in `block in load'
sprockets (4.0.3) lib/sprockets/loader.rb:337:in `fetch_asset_from_dependency_cache'
sprockets (4.0.3) lib/sprockets/loader.rb:43:in `load'
sprockets (4.0.3) lib/sprockets/cached_environment.rb:44:in `load'
sprockets (4.0.3) lib/sprockets/bundle.rb:32:in `block in call'
C:/Ruby31-x64/lib/ruby/3.1.0/set.rb:511:in `each_key'
C:/Ruby31-x64/lib/ruby/3.1.0/set.rb:511:in `each'
sprockets (4.0.3) lib/sprockets/bundle.rb:31:in `call'
sprockets (4.0.3) lib/sprockets/processor_utils.rb:84:in `call_processor'
sprockets (4.0.3) lib/sprockets/processor_utils.rb:66:in `block in call_processors'
sprockets (4.0.3) lib/sprockets/processor_utils.rb:65:in `reverse_each'
sprockets (4.0.3) lib/sprockets/processor_utils.rb:65:in `call_processors'
sprockets (4.0.3) lib/sprockets/loader.rb:182:in `load_from_unloaded'
sprockets (4.0.3) lib/sprockets/loader.rb:59:in `block in load'
sprockets (4.0.3) lib/sprockets/loader.rb:337:in `fetch_asset_from_dependency_cache'
sprockets (4.0.3) lib/sprockets/loader.rb:43:in `load'
sprockets (4.0.3) lib/sprockets/cached_environment.rb:44:in `load'
sprockets (4.0.3) lib/sprockets/base.rb:81:in `find_asset'
sprockets (4.0.3) lib/sprockets/base.rb:88:in `find_all_linked_assets'
sprockets (4.0.3) lib/sprockets/manifest.rb:125:in `each'
sprockets (4.0.3) lib/sprockets/manifest.rb:125:in `to_a'
sprockets (4.0.3) lib/sprockets/manifest.rb:125:in `block (2 levels) in find'
concurrent-ruby (1.1.10) lib/concurrent-ruby/concurrent/executor/safe_task_executor.rb:24:in `block in execute'
concurrent-ruby (1.1.10) lib/concurrent-ruby/concurrent/synchronization/mutex_lockable_object.rb:47:in `block in synchronize'
concurrent-ruby (1.1.10) lib/concurrent-ruby/concurrent/synchronization/mutex_lockable_object.rb:47:in `synchronize'
concurrent-ruby (1.1.10) lib/concurrent-ruby/concurrent/synchronization/mutex_lockable_object.rb:47:in `synchronize'
concurrent-ruby (1.1.10) lib/concurrent-ruby/concurrent/executor/safe_task_executor.rb:22:in `execute'
concurrent-ruby (1.1.10) lib/concurrent-ruby/concurrent/promise.rb:564:in `block in realize'
concurrent-ruby (1.1.10) lib/concurrent-ruby/concurrent/executor/ruby_thread_pool_executor.rb:352:in `run_task'
concurrent-ruby (1.1.10) lib/concurrent-ruby/concurrent/executor/ruby_thread_pool_executor.rb:343:in `block (3 levels) in create_worker'
concurrent-ruby (1.1.10) lib/concurrent-ruby/concurrent/executor/ruby_thread_pool_executor.rb:334:in `loop'
concurrent-ruby (1.1.10) lib/concurrent-ruby/concurrent/executor/ruby_thread_pool_executor.rb:334:in `block (2 levels) in create_worker'
concurrent-ruby (1.1.10) lib/concurrent-ruby/concurrent/executor/ruby_thread_pool_executor.rb:333:in `catch'
concurrent-ruby (1.1.10) lib/concurrent-ruby/concurrent/executor/ruby_thread_pool_executor.rb:333:in `block in create_worker'
Started GET "/" for 127.0.0.1 at 2022-04-19 15:37:20 -0300
  [1m[35m (2.5ms)[0m  [1m[34mSELECT sqlite_version(*)[0m
  [1m[36mActiveRecord::SchemaMigration Pluck (0.2ms)[0m  [1m[34mSELECT "schema_migrations"."version" FROM "schema_migrations" ORDER BY "schema_migrations"."version" ASC[0m
Processing by WelcomeController#index as HTML
  Rendering layout layouts/application.html.erb
  Rendering welcome/index.html.erb within layouts/application
  Rendered welcome/index.html.erb within layouts/application (Duration: 2.1ms | Allocations: 318)
  Rendered layout layouts/application.html.erb (Duration: 165.3ms | Allocations: 24735)
Completed 200 OK in 184ms (Views: 175.9ms | ActiveRecord: 0.0ms | Allocations: 27143)


Started GET "/" for 127.0.0.1 at 2022-04-19 15:37:28 -0300
Processing by WelcomeController#index as HTML
  Rendering layout layouts/application.html.erb
  Rendering welcome/index.html.erb within layouts/application
  Rendered welcome/index.html.erb within layouts/application (Duration: 0.1ms | Allocations: 22)
  Rendered layout layouts/application.html.erb (Duration: 8.7ms | Allocations: 1460)
Completed 200 OK in 12ms (Views: 10.1ms | ActiveRecord: 0.0ms | Allocations: 1802)


Started GET "/consulta" for 127.0.0.1 at 2022-04-19 15:37:34 -0300
  
ActionController::RoutingError (No route matches [GET] "/consulta"):
  
Started GET "/clientes" for 127.0.0.1 at 2022-04-19 15:37:36 -0300
  
ActionController::RoutingError (No route matches [GET] "/clientes"):
  
Started GET "/clientes/sign_in" for 127.0.0.1 at 2022-04-19 15:37:41 -0300
Processing by Clientes::SessionsController#new as HTML
  Rendering layout layouts/application.html.erb
  Rendering clientes/sessions/new.html.erb within layouts/application
  Rendered clientes/shared/_links.html.erb (Duration: 1.5ms | Allocations: 653)
  Rendered clientes/sessions/new.html.erb within layouts/application (Duration: 112.3ms | Allocations: 7639)
  Rendered layout layouts/application.html.erb (Duration: 115.9ms | Allocations: 8820)
Completed 200 OK in 141ms (Views: 125.4ms | ActiveRecord: 0.7ms | Allocations: 16075)


Started GET "/clientes/sign_up" for 127.0.0.1 at 2022-04-19 15:37:43 -0300
Processing by Devise::RegistrationsController#new as HTML
  Rendering layout layouts/application.html.erb
  Rendering clientes/registrations/new.html.erb within layouts/application
  Rendered clientes/shared/_error_messages.html.erb (Duration: 0.6ms | Allocations: 218)
  Rendered clientes/shared/_links.html.erb (Duration: 0.2ms | Allocations: 125)
  Rendered clientes/registrations/new.html.erb within layouts/application (Duration: 4.7ms | Allocations: 1944)
  Rendered layout layouts/application.html.erb (Duration: 8.3ms | Allocations: 3128)
Completed 200 OK in 14ms (Views: 13.1ms | ActiveRecord: 0.0ms | Allocations: 4445)


Started GET "/clientes/sign_in" for 127.0.0.1 at 2022-04-19 15:37:59 -0300
Processing by Clientes::SessionsController#new as HTML
  Rendering layout layouts/application.html.erb
  Rendering clientes/sessions/new.html.erb within layouts/application
  Rendered clientes/shared/_links.html.erb (Duration: 0.2ms | Allocations: 122)
  Rendered clientes/sessions/new.html.erb within layouts/application (Duration: 1.9ms | Allocations: 974)
  Rendered layout layouts/application.html.erb (Duration: 5.0ms | Allocations: 1980)
Completed 200 OK in 7ms (Views: 6.1ms | ActiveRecord: 0.0ms | Allocations: 2825)


Started GET "/clientes/sign_up" for 127.0.0.1 at 2022-04-19 15:38:00 -0300
Processing by Devise::RegistrationsController#new as HTML
  Rendering layout layouts/application.html.erb
  Rendering clientes/registrations/new.html.erb within layouts/application
  Rendered clientes/shared/_error_messages.html.erb (Duration: 0.0ms | Allocations: 23)
  Rendered clientes/shared/_links.html.erb (Duration: 0.1ms | Allocations: 78)
  Rendered clientes/registrations/new.html.erb within layouts/application (Duration: 2.1ms | Allocations: 1007)
  Rendered layout layouts/application.html.erb (Duration: 5.2ms | Allocations: 2021)
Completed 200 OK in 8ms (Views: 6.2ms | ActiveRecord: 0.0ms | Allocations: 2650)


Started GET "/clientes/password/new" for 127.0.0.1 at 2022-04-19 15:38:03 -0300
Processing by Devise::PasswordsController#new as HTML
  Rendering layout layouts/application.html.erb
  Rendering clientes/passwords/new.html.erb within layouts/application
  Rendered clientes/shared/_error_messages.html.erb (Duration: 0.1ms | Allocations: 27)
  Rendered clientes/shared/_links.html.erb (Duration: 0.2ms | Allocations: 132)
  Rendered clientes/passwords/new.html.erb within layouts/application (Duration: 8.9ms | Allocations: 1166)
  Rendered layout layouts/application.html.erb (Duration: 12.2ms | Allocations: 2357)
Completed 200 OK in 17ms (Views: 15.4ms | ActiveRecord: 0.0ms | Allocations: 3624)


Started GET "/" for 127.0.0.1 at 2022-04-19 15:38:10 -0300
Processing by WelcomeController#index as HTML
  Rendering layout layouts/application.html.erb
  Rendering welcome/index.html.erb within layouts/application
  Rendered welcome/index.html.erb within layouts/application (Duration: 0.0ms | Allocations: 20)
  Rendered layout layouts/application.html.erb (Duration: 4.0ms | Allocations: 1311)
Completed 200 OK in 5ms (Views: 4.9ms | ActiveRecord: 0.0ms | Allocations: 1613)


Started GET "/clientes/sign_in" for 127.0.0.1 at 2022-04-19 15:38:35 -0300
Processing by Clientes::SessionsController#new as HTML
  Rendering layout layouts/application.html.erb
  Rendering clientes/sessions/new.html.erb within layouts/application
  Rendered clientes/shared/_links.html.erb (Duration: 0.3ms | Allocations: 122)
  Rendered clientes/sessions/new.html.erb within layouts/application (Duration: 1.9ms | Allocations: 975)
  Rendered layout layouts/application.html.erb (Duration: 6.2ms | Allocations: 1981)
Completed 200 OK in 10ms (Views: 7.6ms | ActiveRecord: 0.0ms | Allocations: 2734)


  [1m[35m (1.2ms)[0m  [1m[34mSELECT sqlite_version(*)[0m
  [1m[36mActiveRecord::SchemaMigration Pluck (0.1ms)[0m  [1m[34mSELECT "schema_migrations"."version" FROM "schema_migrations" ORDER BY "schema_migrations"."version" ASC[0m
Migrating to AddNomeCpfToClientes (20220419184019)
  [1m[36mTRANSACTION (0.1ms)[0m  [1m[36mbegin transaction[0m
  [1m[35m (1.2ms)[0m  [1m[35mALTER TABLE "clientes" ADD "nome" varchar[0m
  [1m[35m (0.3ms)[0m  [1m[35mALTER TABLE "clientes" ADD "cpf" varchar[0m
  [1m[36mActiveRecord::SchemaMigration Create (0.2ms)[0m  [1m[32mINSERT INTO "schema_migrations" ("version") VALUES (?)[0m  [["version", "20220419184019"]]
  [1m[36mTRANSACTION (86.2ms)[0m  [1m[36mcommit transaction[0m
  [1m[36mActiveRecord::InternalMetadata Load (0.2ms)[0m  [1m[34mSELECT "ar_internal_metadata".* FROM "ar_internal_metadata" WHERE "ar_internal_metadata"."key" = ? LIMIT ?[0m  [["key", "environment"], ["LIMIT", 1]]
  [1m[35m (0.1ms)[0m  [1m[34mSELECT sqlite_version(*)[0m
  [1m[36mActiveRecord::SchemaMigration Pluck (0.1ms)[0m  [1m[34mSELECT "schema_migrations"."version" FROM "schema_migrations" ORDER BY "schema_migrations"."version" ASC[0m
Started GET "/" for 127.0.0.1 at 2022-04-19 15:46:07 -0300
  [1m[35m (1.4ms)[0m  [1m[34mSELECT sqlite_version(*)[0m
  [1m[36mActiveRecord::SchemaMigration Pluck (0.3ms)[0m  [1m[34mSELECT "schema_migrations"."version" FROM "schema_migrations" ORDER BY "schema_migrations"."version" ASC[0m
Processing by WelcomeController#index as HTML
  Rendering layout layouts/application.html.erb
  Rendering welcome/index.html.erb within layouts/application
  Rendered welcome/index.html.erb within layouts/application (Duration: 1.7ms | Allocations: 318)
  Rendered layout layouts/application.html.erb (Duration: 72.4ms | Allocations: 22817)
Completed 200 OK in 102ms (Views: 81.6ms | ActiveRecord: 0.0ms | Allocations: 25226)


Started GET "/" for 127.0.0.1 at 2022-04-19 15:48:09 -0300
  [1m[35m (3.4ms)[0m  [1m[34mSELECT sqlite_version(*)[0m
  [1m[36mActiveRecord::SchemaMigration Pluck (0.2ms)[0m  [1m[34mSELECT "schema_migrations"."version" FROM "schema_migrations" ORDER BY "schema_migrations"."version" ASC[0m
Processing by WelcomeController#index as HTML
  Rendering layout layouts/application.html.erb
  Rendering welcome/index.html.erb within layouts/application
  Rendered welcome/index.html.erb within layouts/application (Duration: 30.0ms | Allocations: 5700)
  Rendered layout layouts/application.html.erb (Duration: 34.4ms | Allocations: 5815)
Completed 500 Internal Server Error in 63ms (ActiveRecord: 0.0ms | Allocations: 8158)


  
ActionView::Template::Error (undefined method `admin_signed_in?' for #<ActionView::Base:0x0000000000bf18>):
    1: <h1>Bem vindo ao sistema!</h1>
    2: 
    3: <% if admin_signed_in? %>
    4:   <li><%= current_admin.email %></li>
    5:   <li><%= link_to "Sair", destroy_admin_session_path, method: :delete %></li>
    6:   <li><%= link_to "Minha conta", edit_admin_registration_path%></li>
  
app/views/welcome/index.html.erb:3
Started GET "/" for 127.0.0.1 at 2022-04-19 15:48:53 -0300
  [1m[35m (1.2ms)[0m  [1m[34mSELECT sqlite_version(*)[0m
  [1m[36mActiveRecord::SchemaMigration Pluck (0.4ms)[0m  [1m[34mSELECT "schema_migrations"."version" FROM "schema_migrations" ORDER BY "schema_migrations"."version" ASC[0m
Processing by WelcomeController#index as HTML
  Rendering layout layouts/application.html.erb
  Rendering welcome/index.html.erb within layouts/application
  Rendered welcome/index.html.erb within layouts/application (Duration: 2.5ms | Allocations: 319)
  Rendered layout layouts/application.html.erb (Duration: 109.8ms | Allocations: 22944)
Completed 200 OK in 135ms (Views: 125.9ms | ActiveRecord: 0.0ms | Allocations: 25354)


Started GET "/" for 127.0.0.1 at 2022-04-19 15:52:02 -0300
  [1m[35m (1.4ms)[0m  [1m[34mSELECT sqlite_version(*)[0m
  [1m[36mActiveRecord::SchemaMigration Pluck (0.2ms)[0m  [1m[34mSELECT "schema_migrations"."version" FROM "schema_migrations" ORDER BY "schema_migrations"."version" ASC[0m
Processing by WelcomeController#index as HTML
  Rendering layout layouts/application.html.erb
  Rendering welcome/index.html.erb within layouts/application
  Rendered welcome/index.html.erb within layouts/application (Duration: 2.0ms | Allocations: 318)
  Rendered layout layouts/application.html.erb (Duration: 109.5ms | Allocations: 22872)
Completed 200 OK in 133ms (Views: 122.1ms | ActiveRecord: 0.0ms | Allocations: 25280)


Started GET "/clientes/sign_in" for 127.0.0.1 at 2022-04-19 15:52:06 -0300
Processing by Clientes::SessionsController#new as HTML
  Rendering layout layouts/application.html.erb
  Rendering clientes/sessions/new.html.erb within layouts/application
  Rendered clientes/shared/_links.html.erb (Duration: 0.9ms | Allocations: 660)
  Rendered clientes/sessions/new.html.erb within layouts/application (Duration: 23.5ms | Allocations: 4860)
  Rendered layout layouts/application.html.erb (Duration: 27.1ms | Allocations: 6037)
Completed 200 OK in 49ms (Views: 37.7ms | ActiveRecord: 0.6ms | Allocations: 13947)


Started GET "/clientes/sign_up" for 127.0.0.1 at 2022-04-19 15:52:08 -0300
Processing by Devise::RegistrationsController#new as HTML
  Rendering layout layouts/application.html.erb
  Rendering clientes/registrations/new.html.erb within layouts/application
  Rendered clientes/shared/_error_messages.html.erb (Duration: 0.7ms | Allocations: 219)
  Rendered clientes/shared/_links.html.erb (Duration: 0.2ms | Allocations: 125)
  Rendered clientes/registrations/new.html.erb within layouts/application (Duration: 5.4ms | Allocations: 2494)
  Rendered layout layouts/application.html.erb (Duration: 8.7ms | Allocations: 3679)
Completed 200 OK in 15ms (Views: 13.0ms | ActiveRecord: 0.0ms | Allocations: 4994)


Started GET "/" for 127.0.0.1 at 2022-04-19 16:14:44 -0300
  [1m[35m (1.6ms)[0m  [1m[34mSELECT sqlite_version(*)[0m
  [1m[36mActiveRecord::SchemaMigration Pluck (0.2ms)[0m  [1m[34mSELECT "schema_migrations"."version" FROM "schema_migrations" ORDER BY "schema_migrations"."version" ASC[0m
Processing by WelcomeController#index as HTML
  Rendering layout layouts/application.html.erb
  Rendering welcome/index.html.erb within layouts/application
  Rendered welcome/index.html.erb within layouts/application (Duration: 1.8ms | Allocations: 318)
  Rendered layout layouts/application.html.erb (Duration: 119.5ms | Allocations: 22890)
Completed 200 OK in 136ms (Views: 128.1ms | ActiveRecord: 0.0ms | Allocations: 25300)


Started GET "/clientes/sign_in" for 127.0.0.1 at 2022-04-19 16:14:51 -0300
Processing by Clientes::SessionsController#new as HTML
  Rendering layout layouts/application.html.erb
  Rendering clientes/sessions/new.html.erb within layouts/application
  Rendered clientes/shared/_links.html.erb (Duration: 0.9ms | Allocations: 660)
  Rendered clientes/sessions/new.html.erb within layouts/application (Duration: 27.8ms | Allocations: 4860)
  Rendered layout layouts/application.html.erb (Duration: 31.1ms | Allocations: 6037)
Completed 200 OK in 54ms (Views: 39.5ms | ActiveRecord: 0.7ms | Allocations: 13963)


Started GET "/clientes/sign_up" for 127.0.0.1 at 2022-04-19 16:14:52 -0300
Processing by Clientes::RegistrationsController#new as HTML
  Rendering layout layouts/application.html.erb
  Rendering clientes/registrations/new.html.erb within layouts/application
  Rendered clientes/shared/_error_messages.html.erb (Duration: 0.4ms | Allocations: 219)
  Rendered clientes/shared/_links.html.erb (Duration: 0.3ms | Allocations: 125)
  Rendered clientes/registrations/new.html.erb within layouts/application (Duration: 4.4ms | Allocations: 2494)
  Rendered layout layouts/application.html.erb (Duration: 7.6ms | Allocations: 3679)
Completed 200 OK in 16ms (Views: 14.4ms | ActiveRecord: 0.0ms | Allocations: 5148)


Started POST "/clientes" for 127.0.0.1 at 2022-04-19 16:14:54 -0300
Processing by Clientes::RegistrationsController#create as HTML
  Parameters: {"authenticity_token"=>"[FILTERED]", "cliente"=>{"nome"=>"", "cpf"=>"", "email"=>"", "password"=>"[FILTERED]", "password_confirmation"=>"[FILTERED]"}, "commit"=>"Sign up"}
  Rendering layout layouts/application.html.erb
  Rendering clientes/registrations/new.html.erb within layouts/application
  Rendered clientes/shared/_error_messages.html.erb (Duration: 2.5ms | Allocations: 1860)
  Rendered clientes/shared/_links.html.erb (Duration: 0.1ms | Allocations: 79)
  Rendered clientes/registrations/new.html.erb within layouts/application (Duration: 7.8ms | Allocations: 5502)
  Rendered layout layouts/application.html.erb (Duration: 12.3ms | Allocations: 6617)
Completed 200 OK in 32ms (Views: 13.3ms | ActiveRecord: 0.0ms | Allocations: 9873)


Started POST "/clientes" for 127.0.0.1 at 2022-04-19 16:14:57 -0300
Processing by Clientes::RegistrationsController#create as HTML
  Parameters: {"authenticity_token"=>"[FILTERED]", "cliente"=>{"nome"=>"asdasdasd", "cpf"=>"", "email"=>"", "password"=>"[FILTERED]", "password_confirmation"=>"[FILTERED]"}, "commit"=>"Sign up"}
  Rendering layout layouts/application.html.erb
  Rendering clientes/registrations/new.html.erb within layouts/application
  Rendered clientes/shared/_error_messages.html.erb (Duration: 1.2ms | Allocations: 849)
  Rendered clientes/shared/_links.html.erb (Duration: 0.1ms | Allocations: 78)
  Rendered clientes/registrations/new.html.erb within layouts/application (Duration: 5.2ms | Allocations: 3302)
  Rendered layout layouts/application.html.erb (Duration: 8.6ms | Allocations: 4317)
Completed 200 OK in 12ms (Views: 9.4ms | ActiveRecord: 0.0ms | Allocations: 6354)


Started POST "/clientes" for 127.0.0.1 at 2022-04-19 16:15:12 -0300
Processing by Clientes::RegistrationsController#create as HTML
  Parameters: {"authenticity_token"=>"[FILTERED]", "cliente"=>{"nome"=>"asdasdasd", "cpf"=>"", "email"=>"", "password"=>"[FILTERED]", "password_confirmation"=>"[FILTERED]"}, "commit"=>"Sign up"}
  Rendering layout layouts/application.html.erb
  Rendering clientes/registrations/new.html.erb within layouts/application
  Rendered clientes/shared/_error_messages.html.erb (Duration: 1.6ms | Allocations: 849)
  Rendered clientes/shared/_links.html.erb (Duration: 0.3ms | Allocations: 78)
  Rendered clientes/registrations/new.html.erb within layouts/application (Duration: 6.3ms | Allocations: 3302)
  Rendered layout layouts/application.html.erb (Duration: 9.4ms | Allocations: 4316)
Completed 200 OK in 13ms (Views: 10.5ms | ActiveRecord: 0.0ms | Allocations: 6211)


Started POST "/clientes" for 127.0.0.1 at 2022-04-19 16:15:14 -0300
Processing by Clientes::RegistrationsController#create as HTML
  Parameters: {"authenticity_token"=>"[FILTERED]", "cliente"=>{"nome"=>"asdasdasd", "cpf"=>"", "email"=>"", "password"=>"[FILTERED]", "password_confirmation"=>"[FILTERED]"}, "commit"=>"Sign up"}
  Rendering layout layouts/application.html.erb
  Rendering clientes/registrations/new.html.erb within layouts/application
  Rendered clientes/shared/_error_messages.html.erb (Duration: 1.4ms | Allocations: 849)
  Rendered clientes/shared/_links.html.erb (Duration: 0.2ms | Allocations: 78)
  Rendered clientes/registrations/new.html.erb within layouts/application (Duration: 6.3ms | Allocations: 3302)
  Rendered layout layouts/application.html.erb (Duration: 12.3ms | Allocations: 4308)
Completed 200 OK in 17ms (Views: 13.4ms | ActiveRecord: 0.0ms | Allocations: 6199)


Started GET "/clientes/sign_up" for 127.0.0.1 at 2022-04-19 16:15:17 -0300
Processing by Clientes::RegistrationsController#new as HTML
  Rendering layout layouts/application.html.erb
  Rendering clientes/registrations/new.html.erb within layouts/application
  Rendered clientes/shared/_error_messages.html.erb (Duration: 0.0ms | Allocations: 23)
  Rendered clientes/shared/_links.html.erb (Duration: 0.2ms | Allocations: 78)
  Rendered clientes/registrations/new.html.erb within layouts/application (Duration: 2.5ms | Allocations: 1381)
  Rendered layout layouts/application.html.erb (Duration: 5.4ms | Allocations: 2395)
Completed 200 OK in 7ms (Views: 6.4ms | ActiveRecord: 0.0ms | Allocations: 3064)


Started POST "/clientes" for 127.0.0.1 at 2022-04-19 16:15:18 -0300
Processing by Clientes::RegistrationsController#create as HTML
  Parameters: {"authenticity_token"=>"[FILTERED]", "cliente"=>{"nome"=>"", "cpf"=>"", "email"=>"", "password"=>"[FILTERED]", "password_confirmation"=>"[FILTERED]"}, "commit"=>"Sign up"}
  Rendering layout layouts/application.html.erb
  Rendering clientes/registrations/new.html.erb within layouts/application
  Rendered clientes/shared/_error_messages.html.erb (Duration: 1.8ms | Allocations: 1610)
  Rendered clientes/shared/_links.html.erb (Duration: 0.2ms | Allocations: 78)
  Rendered clientes/registrations/new.html.erb within layouts/application (Duration: 9.4ms | Allocations: 5159)
  Rendered layout layouts/application.html.erb (Duration: 13.5ms | Allocations: 6165)
Completed 200 OK in 16ms (Views: 14.3ms | ActiveRecord: 0.0ms | Allocations: 8077)


Started POST "/clientes" for 127.0.0.1 at 2022-04-19 16:16:33 -0300
Processing by Clientes::RegistrationsController#create as HTML
  Parameters: {"authenticity_token"=>"[FILTERED]", "cliente"=>{"nome"=>"", "cpf"=>"", "email"=>"", "password"=>"[FILTERED]", "password_confirmation"=>"[FILTERED]"}, "commit"=>"Sign up"}
  Rendering layout layouts/application.html.erb
  Rendering clientes/registrations/new.html.erb within layouts/application
  Rendered clientes/shared/_error_messages.html.erb (Duration: 1.6ms | Allocations: 1610)
  Rendered clientes/shared/_links.html.erb (Duration: 0.1ms | Allocations: 78)
  Rendered clientes/registrations/new.html.erb within layouts/application (Duration: 6.3ms | Allocations: 5159)
  Rendered layout layouts/application.html.erb (Duration: 9.6ms | Allocations: 6168)
Completed 200 OK in 13ms (Views: 10.8ms | ActiveRecord: 0.0ms | Allocations: 8072)


Started GET "/" for 127.0.0.1 at 2022-04-19 16:17:18 -0300
  [1m[35m (1.6ms)[0m  [1m[34mSELECT sqlite_version(*)[0m
  [1m[36mActiveRecord::SchemaMigration Pluck (0.3ms)[0m  [1m[34mSELECT "schema_migrations"."version" FROM "schema_migrations" ORDER BY "schema_migrations"."version" ASC[0m
Processing by WelcomeController#index as HTML
  Rendering layout layouts/application.html.erb
  Rendering welcome/index.html.erb within layouts/application
  Rendered welcome/index.html.erb within layouts/application (Duration: 2.3ms | Allocations: 318)
  Rendered layout layouts/application.html.erb (Duration: 117.8ms | Allocations: 22879)
Completed 200 OK in 135ms (Views: 127.2ms | ActiveRecord: 0.0ms | Allocations: 25287)


Started GET "/clientes/sign_in" for 127.0.0.1 at 2022-04-19 16:17:21 -0300
Processing by Clientes::SessionsController#new as HTML
  Rendering layout layouts/application.html.erb
  Rendering clientes/sessions/new.html.erb within layouts/application
  Rendered clientes/shared/_links.html.erb (Duration: 1.0ms | Allocations: 660)
  Rendered clientes/sessions/new.html.erb within layouts/application (Duration: 27.5ms | Allocations: 4860)
  Rendered layout layouts/application.html.erb (Duration: 31.2ms | Allocations: 6040)
Completed 200 OK in 59ms (Views: 44.4ms | ActiveRecord: 1.2ms | Allocations: 13975)


Started GET "/clientes/sign_up" for 127.0.0.1 at 2022-04-19 16:17:23 -0300
Processing by Clientes::RegistrationsController#new as HTML
  Rendering layout layouts/application.html.erb
  Rendering clientes/registrations/new.html.erb within layouts/application
  Rendered clientes/shared/_error_messages.html.erb (Duration: 0.6ms | Allocations: 219)
  Rendered clientes/shared/_links.html.erb (Duration: 0.3ms | Allocations: 125)
  Rendered clientes/registrations/new.html.erb within layouts/application (Duration: 5.5ms | Allocations: 2494)
  Rendered layout layouts/application.html.erb (Duration: 11.6ms | Allocations: 3679)
Completed 200 OK in 21ms (Views: 18.5ms | ActiveRecord: 0.0ms | Allocations: 5148)


Started POST "/clientes" for 127.0.0.1 at 2022-04-19 16:17:24 -0300
Processing by Clientes::RegistrationsController#create as HTML
  Parameters: {"authenticity_token"=>"[FILTERED]", "cliente"=>{"nome"=>"", "cpf"=>"", "email"=>"", "password"=>"[FILTERED]", "password_confirmation"=>"[FILTERED]"}, "commit"=>"Sign up"}
  Rendering layout layouts/application.html.erb
  Rendering clientes/registrations/new.html.erb within layouts/application
  Rendered clientes/shared/_error_messages.html.erb (Duration: 2.3ms | Allocations: 2259)
  Rendered clientes/shared/_links.html.erb (Duration: 0.1ms | Allocations: 79)
  Rendered clientes/registrations/new.html.erb within layouts/application (Duration: 9.3ms | Allocations: 6449)
  Rendered layout layouts/application.html.erb (Duration: 12.9ms | Allocations: 7564)
Completed 200 OK in 28ms (Views: 14.1ms | ActiveRecord: 0.0ms | Allocations: 10840)


Started GET "/" for 127.0.0.1 at 2022-04-19 16:22:31 -0300
  [1m[35m (3.1ms)[0m  [1m[34mSELECT sqlite_version(*)[0m
  [1m[36mActiveRecord::SchemaMigration Pluck (0.3ms)[0m  [1m[34mSELECT "schema_migrations"."version" FROM "schema_migrations" ORDER BY "schema_migrations"."version" ASC[0m
Processing by WelcomeController#index as HTML
  Rendering layout layouts/application.html.erb
  Rendering welcome/index.html.erb within layouts/application
  Rendered welcome/index.html.erb within layouts/application (Duration: 2.8ms | Allocations: 318)
  Rendered layout layouts/application.html.erb (Duration: 83.5ms | Allocations: 22888)
Completed 200 OK in 109ms (Views: 95.3ms | ActiveRecord: 0.0ms | Allocations: 25307)


Started GET "/clientes/sign_in" for 127.0.0.1 at 2022-04-19 16:22:34 -0300
Processing by Clientes::SessionsController#new as HTML
  Rendering layout layouts/application.html.erb
  Rendering clientes/sessions/new.html.erb within layouts/application
  Rendered clientes/shared/_links.html.erb (Duration: 0.9ms | Allocations: 663)
  Rendered clientes/sessions/new.html.erb within layouts/application (Duration: 33.3ms | Allocations: 4862)
  Rendered layout layouts/application.html.erb (Duration: 36.7ms | Allocations: 6043)
Completed 200 OK in 60ms (Views: 45.6ms | ActiveRecord: 0.6ms | Allocations: 13961)


Started GET "/clientes/password/new" for 127.0.0.1 at 2022-04-19 16:22:37 -0300
Processing by Devise::PasswordsController#new as HTML
  Rendering layout layouts/application.html.erb
  Rendering clientes/passwords/new.html.erb within layouts/application
  Rendered clientes/shared/_error_messages.html.erb (Duration: 0.7ms | Allocations: 220)
  Rendered clientes/shared/_links.html.erb (Duration: 0.4ms | Allocations: 167)
  Rendered clientes/passwords/new.html.erb within layouts/application (Duration: 5.4ms | Allocations: 1472)
  Rendered layout layouts/application.html.erb (Duration: 9.6ms | Allocations: 2657)
Completed 200 OK in 15ms (Views: 12.9ms | ActiveRecord: 0.0ms | Allocations: 3947)


Started GET "/clientes/sign_up" for 127.0.0.1 at 2022-04-19 16:22:39 -0300
Processing by Clientes::RegistrationsController#new as HTML
  Rendering layout layouts/application.html.erb
  Rendering clientes/registrations/new.html.erb within layouts/application
  Rendered clientes/shared/_error_messages.html.erb (Duration: 0.1ms | Allocations: 27)
  Rendered clientes/shared/_links.html.erb (Duration: 0.2ms | Allocations: 90)
  Rendered clientes/registrations/new.html.erb within layouts/application (Duration: 4.8ms | Allocations: 2206)
  Rendered layout layouts/application.html.erb (Duration: 8.0ms | Allocations: 3398)
Completed 200 OK in 16ms (Views: 14.6ms | ActiveRecord: 0.0ms | Allocations: 4854)


Started POST "/clientes" for 127.0.0.1 at 2022-04-19 16:23:07 -0300
Processing by Clientes::RegistrationsController#create as HTML
  Parameters: {"authenticity_token"=>"[FILTERED]", "cliente"=>{"nome"=>"Gustavo", "cpf"=>"708.280.934-40", "email"=>"Torres@email.com", "password"=>"[FILTERED]", "password_confirmation"=>"[FILTERED]"}, "commit"=>"Sign up"}
  [1m[36mTRANSACTION (0.1ms)[0m  [1m[36mbegin transaction[0m
  ↳ app/controllers/clientes/registrations_controller.rb:14:in `create'
  [1m[36mCliente Exists? (0.2ms)[0m  [1m[34mSELECT 1 AS one FROM "clientes" WHERE "clientes"."email" = ? LIMIT ?[0m  [["email", "torres@email.com"], ["LIMIT", 1]]
  ↳ app/controllers/clientes/registrations_controller.rb:14:in `create'
  [1m[36mCliente Create (1.1ms)[0m  [1m[32mINSERT INTO "clientes" ("email", "encrypted_password", "reset_password_token", "reset_password_sent_at", "remember_created_at", "created_at", "updated_at", "nome", "cpf") VALUES (?, ?, ?, ?, ?, ?, ?, ?, ?)[0m  [["email", "torres@email.com"], ["encrypted_password", "[FILTERED]"], ["reset_password_token", "[FILTERED]"], ["reset_password_sent_at", "[FILTERED]"], ["remember_created_at", nil], ["created_at", "2022-04-19 19:23:07.695518"], ["updated_at", "2022-04-19 19:23:07.695518"], ["nome", "Gustavo"], ["cpf", "708.280.934-40"]]
  ↳ app/controllers/clientes/registrations_controller.rb:14:in `create'
  [1m[36mTRANSACTION (196.0ms)[0m  [1m[36mcommit transaction[0m
  ↳ app/controllers/clientes/registrations_controller.rb:14:in `create'
Redirected to http://127.0.0.1:3000/
Completed 302 Found in 478ms (ActiveRecord: 197.3ms | Allocations: 9888)


Started GET "/" for 127.0.0.1 at 2022-04-19 16:23:07 -0300
Processing by WelcomeController#index as HTML
  Rendering layout layouts/application.html.erb
  Rendering welcome/index.html.erb within layouts/application
  Rendered welcome/index.html.erb within layouts/application (Duration: 0.0ms | Allocations: 22)
  Rendered layout layouts/application.html.erb (Duration: 4.2ms | Allocations: 1449)
Completed 200 OK in 6ms (Views: 5.5ms | ActiveRecord: 0.0ms | Allocations: 1778)


Started GET "/clientes/sign_in" for 127.0.0.1 at 2022-04-19 16:23:20 -0300
Processing by Clientes::SessionsController#new as HTML
  [1m[36mCliente Load (0.2ms)[0m  [1m[34mSELECT "clientes".* FROM "clientes" WHERE "clientes"."id" = ? ORDER BY "clientes"."id" ASC LIMIT ?[0m  [["id", 1], ["LIMIT", 1]]
Redirected to http://127.0.0.1:3000/
Filter chain halted as :require_no_authentication rendered or redirected
Completed 302 Found in 3ms (ActiveRecord: 0.2ms | Allocations: 1974)


Started GET "/" for 127.0.0.1 at 2022-04-19 16:23:20 -0300
Processing by WelcomeController#index as HTML
  Rendering layout layouts/application.html.erb
  Rendering welcome/index.html.erb within layouts/application
  Rendered welcome/index.html.erb within layouts/application (Duration: 0.1ms | Allocations: 20)
  Rendered layout layouts/application.html.erb (Duration: 3.4ms | Allocations: 1316)
Completed 200 OK in 5ms (Views: 4.2ms | ActiveRecord: 0.0ms | Allocations: 1599)


Started GET "/clientes/log_in" for 127.0.0.1 at 2022-04-19 16:24:05 -0300
  [1m[35m (2.1ms)[0m  [1m[34mSELECT sqlite_version(*)[0m
  [1m[36mActiveRecord::SchemaMigration Pluck (0.2ms)[0m  [1m[34mSELECT "schema_migrations"."version" FROM "schema_migrations" ORDER BY "schema_migrations"."version" ASC[0m
  
ActionController::RoutingError (No route matches [GET] "/clientes/log_in"):
  
Started GET "/" for 127.0.0.1 at 2022-04-19 16:24:44 -0300
  [1m[35m (1.9ms)[0m  [1m[34mSELECT sqlite_version(*)[0m
  [1m[36mActiveRecord::SchemaMigration Pluck (0.1ms)[0m  [1m[34mSELECT "schema_migrations"."version" FROM "schema_migrations" ORDER BY "schema_migrations"."version" ASC[0m
Processing by WelcomeController#index as HTML
  Rendering layout layouts/application.html.erb
  Rendering welcome/index.html.erb within layouts/application
  Rendered welcome/index.html.erb within layouts/application (Duration: 1.9ms | Allocations: 318)
  Rendered layout layouts/application.html.erb (Duration: 134.1ms | Allocations: 22923)
Completed 200 OK in 153ms (Views: 144.2ms | ActiveRecord: 0.0ms | Allocations: 25331)


Started GET "/" for 127.0.0.1 at 2022-04-19 16:24:50 -0300
Processing by WelcomeController#index as HTML
  Rendering layout layouts/application.html.erb
  Rendering welcome/index.html.erb within layouts/application
  Rendered welcome/index.html.erb within layouts/application (Duration: 0.1ms | Allocations: 22)
  Rendered layout layouts/application.html.erb (Duration: 4.9ms | Allocations: 1455)
Completed 200 OK in 7ms (Views: 6.0ms | ActiveRecord: 0.0ms | Allocations: 1797)


Started GET "/clientes/sign_in" for 127.0.0.1 at 2022-04-19 16:24:54 -0300
Processing by Clientes::SessionsController#new as HTML
  [1m[36mCliente Load (0.2ms)[0m  [1m[34mSELECT "clientes".* FROM "clientes" WHERE "clientes"."id" = ? ORDER BY "clientes"."id" ASC LIMIT ?[0m  [["id", 1], ["LIMIT", 1]]
Redirected to http://127.0.0.1:3000/
Filter chain halted as :require_no_authentication rendered or redirected
Completed 302 Found in 27ms (ActiveRecord: 0.9ms | Allocations: 10925)


Started GET "/" for 127.0.0.1 at 2022-04-19 16:24:54 -0300
Processing by WelcomeController#index as HTML
  Rendering layout layouts/application.html.erb
  Rendering welcome/index.html.erb within layouts/application
  Rendered welcome/index.html.erb within layouts/application (Duration: 0.0ms | Allocations: 22)
  Rendered layout layouts/application.html.erb (Duration: 4.7ms | Allocations: 1457)
Completed 200 OK in 6ms (Views: 5.5ms | ActiveRecord: 0.0ms | Allocations: 1786)


Started GET "/clientes/sign_up" for 127.0.0.1 at 2022-04-19 16:25:01 -0300
Processing by Clientes::RegistrationsController#new as HTML
  [1m[36mCliente Load (0.1ms)[0m  [1m[34mSELECT "clientes".* FROM "clientes" WHERE "clientes"."id" = ? ORDER BY "clientes"."id" ASC LIMIT ?[0m  [["id", 1], ["LIMIT", 1]]
Redirected to http://127.0.0.1:3000/
Filter chain halted as :require_no_authentication rendered or redirected
Completed 302 Found in 4ms (ActiveRecord: 0.1ms | Allocations: 2021)


Started GET "/" for 127.0.0.1 at 2022-04-19 16:25:01 -0300
Processing by WelcomeController#index as HTML
  Rendering layout layouts/application.html.erb
  Rendering welcome/index.html.erb within layouts/application
  Rendered welcome/index.html.erb within layouts/application (Duration: 0.0ms | Allocations: 22)
  Rendered layout layouts/application.html.erb (Duration: 3.4ms | Allocations: 1399)
Completed 200 OK in 5ms (Views: 4.3ms | ActiveRecord: 0.0ms | Allocations: 1726)


